<?xml version="1.0" encoding="UTF-8"?>
<testng-results ignored="0" total="1" passed="1" failed="0" skipped="0">
  <reporter-output>
  </reporter-output>
  <suite started-at="2024-08-21T10:31:53 IST" name="Default suite" finished-at="2024-08-21T10:32:10 IST" duration-ms="17534">
    <groups>
    </groups>
    <test started-at="2024-08-21T10:31:53 IST" name="Default test" finished-at="2024-08-21T10:32:10 IST" duration-ms="17534">
      <class name="aug21st.ValidateLogin2">
        <test-method is-config="true" signature="setUp()[pri:0, instance:aug21st.ValidateLogin2@6c130c45]" started-at="2024-08-21T10:31:53 IST" name="setUp" finished-at="2024-08-21T10:31:58 IST" duration-ms="4899" status="PASS">
          <reporter-output>
          </reporter-output>
        </test-method> <!-- setUp -->
        <test-method signature="validateLoginTest()[pri:0, instance:aug21st.ValidateLogin2@6c130c45]" started-at="2024-08-21T10:31:58 IST" name="validateLoginTest" finished-at="2024-08-21T10:32:05 IST" duration-ms="7084" status="PASS">
          <reporter-output>
          </reporter-output>
        </test-method> <!-- validateLoginTest -->
        <test-method is-config="true" signature="teardown()[pri:0, instance:aug21st.ValidateLogin2@6c130c45]" started-at="2024-08-21T10:32:05 IST" name="teardown" finished-at="2024-08-21T10:32:10 IST" duration-ms="5509" status="PASS">
          <reporter-output>
          </reporter-output>
        </test-method> <!-- teardown -->
      </class> <!-- aug21st.ValidateLogin2 -->
    </test> <!-- Default test -->
  </suite> <!-- Default suite -->
</testng-results>
