<?xml version="1.0" encoding="UTF-8"?>
<testng-results ignored="0" total="1" passed="1" failed="0" skipped="0">
  <reporter-output>
  </reporter-output>
  <suite started-at="2024-08-13T09:39:24 IST" name="Default suite" finished-at="2024-08-13T09:40:04 IST" duration-ms="39388">
    <groups>
    </groups>
    <test started-at="2024-08-13T09:39:24 IST" name="Default test" finished-at="2024-08-13T09:40:04 IST" duration-ms="39388">
      <class name="aug13th.FrameHanlding2">
        <test-method is-config="true" signature="setUp()[pri:0, instance:aug13th.FrameHanlding2@5f9b2141]" started-at="2024-08-13T09:39:24 IST" name="setUp" finished-at="2024-08-13T09:39:56 IST" duration-ms="31169" status="PASS">
          <reporter-output>
          </reporter-output>
        </test-method> <!-- setUp -->
        <test-method signature="frameHandlingTest()[pri:0, instance:aug13th.FrameHanlding2@5f9b2141]" started-at="2024-08-13T09:39:56 IST" name="frameHandlingTest" finished-at="2024-08-13T09:39:59 IST" duration-ms="3842" status="PASS">
          <reporter-output>
          </reporter-output>
        </test-method> <!-- frameHandlingTest -->
        <test-method is-config="true" signature="teardown()[pri:0, instance:aug13th.FrameHanlding2@5f9b2141]" started-at="2024-08-13T09:39:59 IST" name="teardown" finished-at="2024-08-13T09:40:04 IST" duration-ms="4336" status="PASS">
          <reporter-output>
          </reporter-output>
        </test-method> <!-- teardown -->
      </class> <!-- aug13th.FrameHanlding2 -->
    </test> <!-- Default test -->
  </suite> <!-- Default suite -->
</testng-results>
